{"level":"error","message":{"err":{"status":404},"path":"/.well-known/appspecific/com.chrome.devtools.json"}}
{"level":"error","message":{"err":{"status":404},"path":"/.well-known/appspecific/com.chrome.devtools.json"}}
{"level":"error","message":{"err":{"status":404},"path":"/.well-known/appspecific/com.chrome.devtools.json"}}
{"level":"error","message":{"err":{},"path":"/api/records/68a7fb0e6451830c6dd8d01a"}}
{"level":"error","message":{"err":{"status":404},"path":"/.well-known/appspecific/com.chrome.devtools.json"}}
{"level":"error","message":{"err":{"status":404},"path":"/.well-known/appspecific/com.chrome.devtools.json"}}
{"level":"error","message":{"err":{},"path":"/api/records/68a7fb0e6451830c6dd8d01a"}}
{"level":"error","message":{"err":{},"path":"/api/records/68a7fb55245093bd349c67bc"}}
{"level":"error","message":{"err":{"status":404},"path":"/.well-known/appspecific/com.chrome.devtools.json"}}
{"level":"error","message":{"err":{"status":404},"path":"/favicon.ico"}}
{"level":"error","message":{"err":{"status":404},"path":"/.well-known/appspecific/com.chrome.devtools.json"}}
{"level":"error","message":{"err":{"status":404},"path":"/.well-known/appspecific/com.chrome.devtools.json"}}
{"level":"error","message":{"err":{"status":404},"path":"/.well-known/appspecific/com.chrome.devtools.json"}}
{"level":"error","message":{"err":{"_message":"Record validation failed","errors":{"patient":{"kind":"required","message":"Path `patient` is required.","name":"ValidatorError","path":"patient","properties":{"message":"Path `patient` is required.","path":"patient","type":"required"}}},"message":"Record validation failed: patient: Path `patient` is required.","name":"ValidationError"},"path":"/api/patient/records"}}
{"level":"error","message":{"err":{"status":404},"path":"/.well-known/appspecific/com.chrome.devtools.json"}}
{"level":"error","message":{"err":{"status":404},"path":"/.well-known/appspecific/com.chrome.devtools.json"}}
{"level":"error","message":{"err":{"_message":"Record validation failed","errors":{"patient":{"kind":"required","message":"Path `patient` is required.","name":"ValidatorError","path":"patient","properties":{"message":"Path `patient` is required.","path":"patient","type":"required"}}},"message":"Record validation failed: patient: Path `patient` is required.","name":"ValidationError"},"path":"/api/patient/records"}}
{"level":"error","message":{"err":{"_message":"Record validation failed","errors":{"patient":{"kind":"required","message":"Path `patient` is required.","name":"ValidatorError","path":"patient","properties":{"message":"Path `patient` is required.","path":"patient","type":"required"}}},"message":"Record validation failed: patient: Path `patient` is required.","name":"ValidationError"},"path":"/api/patient/records"}}
{"level":"error","message":{"err":{"status":404},"path":"/.well-known/appspecific/com.chrome.devtools.json"}}
{"level":"error","message":{"err":{"_message":"Record validation failed","errors":{"patient":{"kind":"required","message":"Path `patient` is required.","name":"ValidatorError","path":"patient","properties":{"message":"Path `patient` is required.","path":"patient","type":"required"}}},"message":"Record validation failed: patient: Path `patient` is required.","name":"ValidationError"},"path":"/api/patient/records"}}
{"level":"error","message":{"err":{"_message":"Record validation failed","errors":{"patient":{"kind":"required","message":"Path `patient` is required.","name":"ValidatorError","path":"patient","properties":{"message":"Path `patient` is required.","path":"patient","type":"required"}}},"message":"Record validation failed: patient: Path `patient` is required.","name":"ValidationError"},"path":"/api/patient/records"}}
{"level":"error","message":{"err":{"status":404},"path":"/.well-known/appspecific/com.chrome.devtools.json"}}
{"level":"error","message":{"err":{"status":404},"path":"/.well-known/appspecific/com.chrome.devtools.json"}}
{"level":"error","message":{"err":{"status":404},"path":"/.well-known/appspecific/com.chrome.devtools.json"}}
{"level":"error","message":{"err":{"errorLabelSet":{},"reason":{"commonWireVersion":0,"compatible":true,"heartbeatFrequencyMS":10000,"localThresholdMS":15,"logicalSessionTimeoutMinutes":30,"maxElectionId":{"$oid":"7fffffff0000000000000047"},"maxSetVersion":31,"servers":{"ac-1au4kab-shard-00-00.jineugw.mongodb.net:27017":{"$clusterTime":{"clusterTime":{"$timestamp":{"i":5,"t":1755861860}},"signature":{"hash":{"0":15,"1":48,"10":141,"11":78,"12":207,"13":168,"14":204,"15":220,"16":92,"17":115,"18":26,"19":149,"2":155,"3":47,"4":98,"5":197,"6":111,"7":221,"8":145,"9":192},"keyId":7501419132768748000}},"address":"ac-1au4kab-shard-00-00.jineugw.mongodb.net:27017","arbiters":[],"electionId":null,"error":null,"hosts":["ac-1au4kab-shard-00-00.jineugw.mongodb.net:27017","ac-1au4kab-shard-00-01.jineugw.mongodb.net:27017","ac-1au4kab-shard-00-02.jineugw.mongodb.net:27017"],"iscryptd":false,"lastUpdateTime":31762969,"lastWriteDate":{"$date":"2025-08-22T11:24:20Z"},"logicalSessionTimeoutMinutes":30,"maxBsonObjectSize":16777216,"maxMessageSizeBytes":48000000,"maxWireVersion":25,"maxWriteBatchSize":100000,"me":"ac-1au4kab-shard-00-00.jineugw.mongodb.net:27017","minRoundTripTime":29,"minWireVersion":0,"passives":[],"primary":"ac-1au4kab-shard-00-01.jineugw.mongodb.net:27017","roundTripTime":43,"setName":"atlas-11ilcj-shard-0","setVersion":31,"tags":{"availabilityZone":"asia-south1-a","diskState":"READY","nodeType":"ELECTABLE","provider":"GCP","region":"ASIA_SOUTH_1","workloadType":"OPERATIONAL"},"topologyVersion":{"counter":4,"processId":{"$oid":"68a0d8eb019e345b4760a311"}},"type":"RSSecondary"},"ac-1au4kab-shard-00-01.jineugw.mongodb.net:27017":{"$clusterTime":null,"address":"ac-1au4kab-shard-00-01.jineugw.mongodb.net:27017","arbiters":[],"electionId":null,"error":{"beforeHandshake":false,"errorLabelSet":{}},"hosts":[],"iscryptd":false,"lastUpdateTime":31762809,"lastWriteDate":0,"logicalSessionTimeoutMinutes":null,"maxBsonObjectSize":null,"maxMessageSizeBytes":null,"maxWireVersion":0,"maxWriteBatchSize":null,"me":null,"minRoundTripTime":0,"minWireVersion":0,"passives":[],"primary":null,"roundTripTime":-1,"setName":null,"setVersion":null,"tags":{},"topologyVersion":null,"type":"Unknown"},"ac-1au4kab-shard-00-02.jineugw.mongodb.net:27017":{"$clusterTime":null,"address":"ac-1au4kab-shard-00-02.jineugw.mongodb.net:27017","arbiters":[],"electionId":null,"error":{"beforeHandshake":false,"errorLabelSet":{}},"hosts":[],"iscryptd":false,"lastUpdateTime":31765088,"lastWriteDate":0,"logicalSessionTimeoutMinutes":null,"maxBsonObjectSize":null,"maxMessageSizeBytes":null,"maxWireVersion":0,"maxWriteBatchSize":null,"me":null,"minRoundTripTime":0,"minWireVersion":0,"passives":[],"primary":null,"roundTripTime":-1,"setName":null,"setVersion":null,"tags":{},"topologyVersion":null,"type":"Unknown"}},"setName":"atlas-11ilcj-shard-0","stale":false,"type":"ReplicaSetNoPrimary"}},"path":"/api/records/68a8532346ea287bfedef6ce"}}
{"level":"error","message":{"err":{"errorLabelSet":{},"reason":{"commonWireVersion":0,"compatible":true,"heartbeatFrequencyMS":10000,"localThresholdMS":15,"logicalSessionTimeoutMinutes":30,"maxElectionId":{"$oid":"7fffffff0000000000000047"},"maxSetVersion":31,"servers":{"ac-1au4kab-shard-00-00.jineugw.mongodb.net:27017":{"$clusterTime":{"clusterTime":{"$timestamp":{"i":5,"t":1755861860}},"signature":{"hash":{"0":15,"1":48,"10":141,"11":78,"12":207,"13":168,"14":204,"15":220,"16":92,"17":115,"18":26,"19":149,"2":155,"3":47,"4":98,"5":197,"6":111,"7":221,"8":145,"9":192},"keyId":7501419132768748000}},"address":"ac-1au4kab-shard-00-00.jineugw.mongodb.net:27017","arbiters":[],"electionId":null,"error":null,"hosts":["ac-1au4kab-shard-00-00.jineugw.mongodb.net:27017","ac-1au4kab-shard-00-01.jineugw.mongodb.net:27017","ac-1au4kab-shard-00-02.jineugw.mongodb.net:27017"],"iscryptd":false,"lastUpdateTime":31762969,"lastWriteDate":{"$date":"2025-08-22T11:24:20Z"},"logicalSessionTimeoutMinutes":30,"maxBsonObjectSize":16777216,"maxMessageSizeBytes":48000000,"maxWireVersion":25,"maxWriteBatchSize":100000,"me":"ac-1au4kab-shard-00-00.jineugw.mongodb.net:27017","minRoundTripTime":29,"minWireVersion":0,"passives":[],"primary":"ac-1au4kab-shard-00-01.jineugw.mongodb.net:27017","roundTripTime":43,"setName":"atlas-11ilcj-shard-0","setVersion":31,"tags":{"availabilityZone":"asia-south1-a","diskState":"READY","nodeType":"ELECTABLE","provider":"GCP","region":"ASIA_SOUTH_1","workloadType":"OPERATIONAL"},"topologyVersion":{"counter":4,"processId":{"$oid":"68a0d8eb019e345b4760a311"}},"type":"RSSecondary"},"ac-1au4kab-shard-00-01.jineugw.mongodb.net:27017":{"$clusterTime":null,"address":"ac-1au4kab-shard-00-01.jineugw.mongodb.net:27017","arbiters":[],"electionId":null,"error":{"beforeHandshake":false,"errorLabelSet":{}},"hosts":[],"iscryptd":false,"lastUpdateTime":31762809,"lastWriteDate":0,"logicalSessionTimeoutMinutes":null,"maxBsonObjectSize":null,"maxMessageSizeBytes":null,"maxWireVersion":0,"maxWriteBatchSize":null,"me":null,"minRoundTripTime":0,"minWireVersion":0,"passives":[],"primary":null,"roundTripTime":-1,"setName":null,"setVersion":null,"tags":{},"topologyVersion":null,"type":"Unknown"},"ac-1au4kab-shard-00-02.jineugw.mongodb.net:27017":{"$clusterTime":null,"address":"ac-1au4kab-shard-00-02.jineugw.mongodb.net:27017","arbiters":[],"electionId":null,"error":{"beforeHandshake":false,"errorLabelSet":{}},"hosts":[],"iscryptd":false,"lastUpdateTime":31765088,"lastWriteDate":0,"logicalSessionTimeoutMinutes":null,"maxBsonObjectSize":null,"maxMessageSizeBytes":null,"maxWireVersion":0,"maxWriteBatchSize":null,"me":null,"minRoundTripTime":0,"minWireVersion":0,"passives":[],"primary":null,"roundTripTime":-1,"setName":null,"setVersion":null,"tags":{},"topologyVersion":null,"type":"Unknown"}},"setName":"atlas-11ilcj-shard-0","stale":false,"type":"ReplicaSetNoPrimary"}},"path":"/api/records/68a8532346ea287bfedef6ce"}}
{"level":"error","message":{"err":{"status":404},"path":"/.well-known/appspecific/com.chrome.devtools.json"}}
{"level":"error","message":{"err":{"status":404},"path":"/.well-known/appspecific/com.chrome.devtools.json"}}
{"level":"error","message":{"err":{"status":404},"path":"/.well-known/appspecific/com.chrome.devtools.json"}}
{"level":"error","message":{"err":{},"path":"/api/patient/records"}}
{"level":"error","message":{"err":{"status":404},"path":"/.well-known/appspecific/com.chrome.devtools.json"}}
{"level":"error","message":{"err":{},"path":"/api/patient/records"}}
{"level":"error","message":{"err":{},"path":"/api/patient/records"}}
{"level":"error","message":{"err":{"status":404},"path":"/.well-known/appspecific/com.chrome.devtools.json"}}
{"level":"error","message":{"err":{"status":404},"path":"/.well-known/appspecific/com.chrome.devtools.json"}}
{"level":"error","message":{"err":{"status":404},"path":"/.well-known/appspecific/com.chrome.devtools.json"}}
{"level":"error","message":{"err":{"status":404},"path":"/.well-known/appspecific/com.chrome.devtools.json"}}
{"level":"error","message":{"err":{"status":404},"path":"/.well-known/appspecific/com.chrome.devtools.json"}}
{"level":"error","message":{"err":{"status":404},"path":"/.well-known/appspecific/com.chrome.devtools.json"}}
{"level":"error","message":{"err":{"status":404},"path":"/.well-known/appspecific/com.chrome.devtools.json"}}
{"level":"error","message":{"err":{"status":404},"path":"/.well-known/appspecific/com.chrome.devtools.json"}}
{"level":"error","message":{"err":{"status":404},"path":"/.well-known/appspecific/com.chrome.devtools.json"}}
{"level":"error","message":{"err":{"status":404},"path":"/.well-known/appspecific/com.chrome.devtools.json"}}
{"level":"error","message":{"err":{"status":404},"path":"/.well-known/appspecific/com.chrome.devtools.json"}}
{"level":"error","message":{"err":{"status":404},"path":"/favicon.ico"}}
{"level":"error","message":{"err":{"status":404},"path":"/.well-known/appspecific/com.chrome.devtools.json"}}
{"level":"error","message":{"err":{"status":404},"path":"/.well-known/appspecific/com.chrome.devtools.json"}}
{"level":"error","message":{"err":{"status":404},"path":"/.well-known/appspecific/com.chrome.devtools.json"}}
{"level":"error","message":{"err":{"status":404},"path":"/.well-known/appspecific/com.chrome.devtools.json"}}
{"level":"error","message":{"err":{"status":404},"path":"/.well-known/appspecific/com.chrome.devtools.json"}}
{"level":"error","message":{"err":{"status":404},"path":"/.well-known/appspecific/com.chrome.devtools.json"}}
{"level":"error","message":{"err":{"status":404},"path":"/.well-known/appspecific/com.chrome.devtools.json"}}
{"level":"error","message":{"err":{"status":404},"path":"/favicon.ico"}}
<<<<<<< HEAD
{"level":"error","message":{"err":{"status":404},"path":"/login"}}
{"level":"error","message":{"err":{"status":404},"path":"/Health-Lock/assets/Screenshot_2025-08-22_165017-removebg-preview.png"}}
{"level":"error","message":{"err":{"status":404},"path":"/Health-Lock/assets/144-1442578_flat-person-icon-download-dummy-man-removebg-preview.png"}}
{"level":"error","message":{"err":{"status":404},"path":"/favicon.ico"}}
{"level":"error","message":{"err":{"status":404},"path":"/Health-Lock/assets/Screenshot_2025-08-22_165017-removebg-preview.png"}}
{"level":"error","message":{"err":{"status":404},"path":"/Health-Lock/assets/144-1442578_flat-person-icon-download-dummy-man-removebg-preview.png"}}
{"level":"error","message":{"err":{"status":404},"path":"/Health-Lock/assets/Screenshot_2025-08-22_165017-removebg-preview.png"}}
{"level":"error","message":{"err":{"status":404},"path":"/Health-Lock/assets/144-1442578_flat-person-icon-download-dummy-man-removebg-preview.png"}}
{"level":"error","message":{"err":{"status":404},"path":"/Health-Lock/assets/Screenshot_2025-08-22_165017-removebg-preview.png"}}
{"level":"error","message":{"err":{"status":404},"path":"/Health-Lock/assets/144-1442578_flat-person-icon-download-dummy-man-removebg-preview.png"}}
{"level":"error","message":{"err":{"status":404},"path":"/Health-Lock/assets/Screenshot_2025-08-22_165017-removebg-preview.png"}}
{"level":"error","message":{"err":{"status":404},"path":"/Health-Lock/assets/144-1442578_flat-person-icon-download-dummy-man-removebg-preview.png"}}
{"level":"error","message":{"err":{"status":404},"path":"/Health-Lock/assets/Screenshot_2025-08-22_165017-removebg-preview.png"}}
{"level":"error","message":{"err":{"status":404},"path":"/Health-Lock/assets/144-1442578_flat-person-icon-download-dummy-man-removebg-preview.png"}}
{"level":"error","message":{"err":{"status":404},"path":"/Health-Lock/assets/Screenshot_2025-08-22_165017-removebg-preview.png"}}
{"level":"error","message":{"err":{"status":404},"path":"/Health-Lock/assets/Screenshot_2025-08-22_165017-removebg-preview.png"}}
{"level":"error","message":{"err":{"status":404},"path":"/Health-Lock/assets/Screenshot_2025-08-22_165017-removebg-preview.png"}}
{"level":"error","message":{"err":{"status":404},"path":"/Health-Lock/assets/144-1442578_flat-person-icon-download-dummy-man-removebg-preview.png"}}
{"level":"error","message":{"err":{"status":404},"path":"/Health-Lock/assets/Screenshot_2025-08-22_165017-removebg-preview.png"}}
{"level":"error","message":{"err":{"status":404},"path":"/Health-Lock/assets/Screenshot_2025-08-22_165017-removebg-preview.png"}}
{"level":"error","message":{"err":{"status":404},"path":"/Health-Lock/assets/Screenshot_2025-08-22_165017-removebg-preview.png"}}
{"level":"error","message":{"err":{"status":404},"path":"/Health-Lock/assets/144-1442578_flat-person-icon-download-dummy-man-removebg-preview.png"}}
{"level":"error","message":{"err":{"status":404},"path":"/Health-Lock/assets/Screenshot_2025-08-22_165017-removebg-preview.png"}}
{"level":"error","message":{"err":{"status":404},"path":"/Health-Lock/assets/144-1442578_flat-person-icon-download-dummy-man-removebg-preview.png"}}
{"level":"error","message":{"err":{"status":404},"path":"/Health-Lock/assets/Screenshot_2025-08-22_165017-removebg-preview.png"}}
{"level":"error","message":{"err":{"status":404},"path":"/Health-Lock/assets/144-1442578_flat-person-icon-download-dummy-man-removebg-preview.png"}}
{"level":"error","message":{"err":{"status":404},"path":"/.well-known/appspecific/com.chrome.devtools.json"}}
{"level":"error","message":{"err":{"status":404},"path":"/login"}}
=======
{"level":"error","message":{"err":{"status":404},"path":"/Health-Lock/assets/Screenshot_2025-08-22_165017-removebg-preview.png"}}
{"level":"error","message":{"err":{"status":404},"path":"/Health-Lock/assets/Screenshot_2025-08-22_165017-removebg-preview.png"}}
{"level":"error","message":{"err":{"status":404},"path":"/.well-known/appspecific/com.chrome.devtools.json"}}
{"level":"error","message":{"err":{"status":404},"path":"/.well-known/appspecific/com.chrome.devtools.json"}}
{"level":"error","message":{"err":{"status":404},"path":"/Health-Lock/assets/Screenshot_2025-08-22_165017-removebg-preview.png"}}
{"level":"error","message":{"err":{"status":404},"path":"/Health-Lock/assets/Screenshot_2025-08-22_165017-removebg-preview.png"}}
{"level":"error","message":{"err":{"status":404},"path":"/favicon.ico"}}
>>>>>>> 95c1d4f7511edf4a32b9f9a9581104f7e693521f
